ninja: Entering directory `build/debug'
[1/3] Building CXX object core/CMakeFiles/gryce_core.dir/render/renderer2d_impl.cpp.obj
In file included from D:/Gryce-Engine/core/render/render_context.h:12,
                 from D:/Gryce-Engine/core/render/renderer2d_impl.h:6,
                 from D:/Gryce-Engine/core/render/renderer2d_impl.cpp:1:
D:/Gryce-Engine/core/render/render.h: In member function 'virtual void gryce_engine::render::IRenderBackend::set_viewport(int, int, int, int, uint32_t)':
D:/Gryce-Engine/core/render/render.h:77:35: warning: unused parameter 'x' [-Wunused-parameter]
   77 |     virtual void set_viewport(int x, int y, int w, int h, uint32_t viewport_index) {}
      |                               ~~~~^
D:/Gryce-Engine/core/render/render.h:77:42: warning: unused parameter 'y' [-Wunused-parameter]
   77 |     virtual void set_viewport(int x, int y, int w, int h, uint32_t viewport_index) {}
      |                                      ~~~~^
D:/Gryce-Engine/core/render/render.h:77:49: warning: unused parameter 'w' [-Wunused-parameter]
   77 |     virtual void set_viewport(int x, int y, int w, int h, uint32_t viewport_index) {}
      |                                             ~~~~^
D:/Gryce-Engine/core/render/render.h:77:56: warning: unused parameter 'h' [-Wunused-parameter]
   77 |     virtual void set_viewport(int x, int y, int w, int h, uint32_t viewport_index) {}
      |                                                    ~~~~^
D:/Gryce-Engine/core/render/render.h:77:68: warning: unused parameter 'viewport_index' [-Wunused-parameter]
   77 |     virtual void set_viewport(int x, int y, int w, int h, uint32_t viewport_index) {}
      |                                                           ~~~~~~~~~^~~~~~~~~~~~~~
D:/Gryce-Engine/core/render/render.h: In member function 'virtual void gryce_engine::render::IRenderBackend::set_scissor(int, int, int, int)':
D:/Gryce-Engine/core/render/render.h:78:34: warning: unused parameter 'x' [-Wunused-parameter]
   78 |     virtual void set_scissor(int x, int y, int w, int h) {}
      |                              ~~~~^
D:/Gryce-Engine/core/render/render.h:78:41: warning: unused parameter 'y' [-Wunused-parameter]
   78 |     virtual void set_scissor(int x, int y, int w, int h) {}
      |                                     ~~~~^
D:/Gryce-Engine/core/render/render.h:78:48: warning: unused parameter 'w' [-Wunused-parameter]
   78 |     virtual void set_scissor(int x, int y, int w, int h) {}
      |                                            ~~~~^
D:/Gryce-Engine/core/render/render.h:78:55: warning: unused parameter 'h' [-Wunused-parameter]
   78 |     virtual void set_scissor(int x, int y, int w, int h) {}
      |                                                   ~~~~^
D:/Gryce-Engine/core/render/render.h: In member function 'virtual void gryce_engine::render::IRenderBackend::set_scissor(int, int, int, int, uint32_t)':
D:/Gryce-Engine/core/render/render.h:79:34: warning: unused parameter 'x' [-Wunused-parameter]
   79 |     virtual void set_scissor(int x, int y, int w, int h, uint32_t viewport_index) {}
      |                              ~~~~^
D:/Gryce-Engine/core/render/render.h:79:41: warning: unused parameter 'y' [-Wunused-parameter]
   79 |     virtual void set_scissor(int x, int y, int w, int h, uint32_t viewport_index) {}
      |                                     ~~~~^
D:/Gryce-Engine/core/render/render.h:79:48: warning: unused parameter 'w' [-Wunused-parameter]
   79 |     virtual void set_scissor(int x, int y, int w, int h, uint32_t viewport_index) {}
      |                                            ~~~~^
D:/Gryce-Engine/core/render/render.h:79:55: warning: unused parameter 'h' [-Wunused-parameter]
   79 |     virtual void set_scissor(int x, int y, int w, int h, uint32_t viewport_index) {}
      |                                                   ~~~~^
D:/Gryce-Engine/core/render/render.h:79:67: warning: unused parameter 'viewport_index' [-Wunused-parameter]
   79 |     virtual void set_scissor(int x, int y, int w, int h, uint32_t viewport_index) {}
      |                                                          ~~~~~~~~~^~~~~~~~~~~~~~
D:/Gryce-Engine/core/render/render.h: In member function 'virtual void gryce_engine::render::IRenderBackend::set_blend_func(gryce_engine::render::BlendFactor, gryce_engine::render::BlendFactor)':
D:/Gryce-Engine/core/render/render.h:83:45: warning: unused parameter 'src_factor' [-Wunused-parameter]
   83 |     virtual void set_blend_func(BlendFactor src_factor, BlendFactor dst_factor) {}
      |                                 ~~~~~~~~~~~~^~~~~~~~~~
D:/Gryce-Engine/core/render/render.h:83:69: warning: unused parameter 'dst_factor' [-Wunused-parameter]
   83 |     virtual void set_blend_func(BlendFactor src_factor, BlendFactor dst_factor) {}
      |                                                         ~~~~~~~~~~~~^~~~~~~~~~
D:/Gryce-Engine/core/render/render.h: In member function 'virtual void gryce_engine::render::IRenderBackend::set_blend_equation(gryce_engine::render::BlendEquation)':
D:/Gryce-Engine/core/render/render.h:84:51: warning: unused parameter 'mode' [-Wunused-parameter]
   84 |     virtual void set_blend_equation(BlendEquation mode) {}
      |                                     ~~~~~~~~~~~~~~^~~~
D:/Gryce-Engine/core/render/render.h: In member function 'virtual void gryce_engine::render::IRenderBackend::set_swap_interval(int)':
D:/Gryce-Engine/core/render/render.h:114:40: warning: unused parameter 'interval' [-Wunused-parameter]
  114 |     virtual void set_swap_interval(int interval) {}
      |                                    ~~~~^~~~~~~~
D:/Gryce-Engine/core/render/render.h: In member function 'virtual void gryce_engine::render::IRenderBackend::set_gpu_busy_spin(bool, int)':
D:/Gryce-Engine/core/render/render.h:115:41: warning: unused parameter 'enabled' [-Wunused-parameter]
  115 |     virtual void set_gpu_busy_spin(bool enabled, int iterations) {}
      |                                    ~~~~~^~~~~~~
D:/Gryce-Engine/core/render/render.h:115:54: warning: unused parameter 'iterations' [-Wunused-parameter]
  115 |     virtual void set_gpu_busy_spin(bool enabled, int iterations) {}
      |                                                  ~~~~^~~~~~~~~~
D:/Gryce-Engine/core/render/render.h: In member function 'virtual void gryce_engine::render::IRenderBackend::set_nv_delay_before_swap(float)':
D:/Gryce-Engine/core/render/render.h:116:49: warning: unused parameter 'seconds' [-Wunused-parameter]
  116 |     virtual void set_nv_delay_before_swap(float seconds) {}
      |                                           ~~~~~~^~~~~~~
D:/Gryce-Engine/core/render/render.h: In member function 'virtual void gryce_engine::render::IRenderBackend::request_screenshot(const std::string&)':
D:/Gryce-Engine/core/render/render.h:127:56: warning: unused parameter 'path' [-Wunused-parameter]
  127 |     virtual void request_screenshot(const std::string& path) {}
      |                                     ~~~~~~~~~~~~~~~~~~~^~~~
D:/Gryce-Engine/core/render/render.h: In member function 'virtual void gryce_engine::render::IRenderBackend::set_validation_enabled(bool)':
D:/Gryce-Engine/core/render/render.h:136:46: warning: unused parameter 'enabled' [-Wunused-parameter]
  136 |     virtual void set_validation_enabled(bool enabled) {}
      |                                         ~~~~~^~~~~~~
In file included from D:/Gryce-Engine/core/render/renderer2d_impl.cpp:16:
D:/Gryce-Engine/core/render/shader.h: In member function 'virtual bool gryce_engine::render::IShader::load_program(const std::string&, const std::string&, gryce_engine::render::IFramebuffer*, bool, bool)':
D:/Gryce-Engine/core/render/shader.h:74:50: warning: unused parameter 'name' [-Wunused-parameter]
   74 |     virtual bool load_program(const std::string& name,
      |                               ~~~~~~~~~~~~~~~~~~~^~~~
D:/Gryce-Engine/core/render/shader.h:75:50: warning: unused parameter 'shader_dir' [-Wunused-parameter]
   75 |                               const std::string& shader_dir,
      |                               ~~~~~~~~~~~~~~~~~~~^~~~~~~~~~
D:/Gryce-Engine/core/render/shader.h:76:45: warning: unused parameter 'target' [-Wunused-parameter]
   76 |                               IFramebuffer* target = nullptr,
      |                               ~~~~~~~~~~~~~~^~~~~~~~~~~~~~~~
D:/Gryce-Engine/core/render/shader.h:77:36: warning: unused parameter 'color_output' [-Wunused-parameter]
   77 |                               bool color_output = true,
      |                               ~~~~~^~~~~~~~~~~~~~~~~~~
D:/Gryce-Engine/core/render/shader.h:78:36: warning: unused parameter 'post_process' [-Wunused-parameter]
   78 |                               bool post_process = false) { return false; }
      |                               ~~~~~^~~~~~~~~~~~~~~~~~~~
D:/Gryce-Engine/core/render/shader.h: In member function 'virtual void gryce_engine::render::IShader::set_post_process_params(float, int)':
D:/Gryce-Engine/core/render/shader.h:81:48: warning: unused parameter 'exposure' [-Wunused-parameter]
   81 |     virtual void set_post_process_params(float exposure, int mode) {}
      |                                          ~~~~~~^~~~~~~~
D:/Gryce-Engine/core/render/shader.h:81:62: warning: unused parameter 'mode' [-Wunused-parameter]
   81 |     virtual void set_post_process_params(float exposure, int mode) {}
      |                                                          ~~~~^~~~
In file included from D:/Gryce-Engine/core/render/renderer2d_impl.cpp:25:
D:/Gryce-Engine/core/render/renderer2d_impl.cpp: In member function 'virtual void gryce_engine::render::Renderer2D::draw_lit_sprite_region(float, float, float, float, float, float, float, float, gryce_engine::render::ITexture*, gryce_engine::render::ITexture*, const gryce_engine::render::Color&)':
D:/Gryce-Engine/core/render/renderer2d_impl.cpp:879:34: warning: use of old-style cast to 'void*' [-Wold-style-cast]
  879 |               x, y, w, h, (void*)albedo, (void*)normal_map, tint.r, tint.g, tint.b);
      |                                  ^~~~~~
D:/Gryce-Engine/core/utils/glog/glog_lib.h:150:80: note: in definition of macro 'GLOG_INFO'
  150 | #define GLOG_INFO(fmt, ...)  gryce_engine::utils::GLog::info(fmt __VA_OPT__(,) __VA_ARGS__)
      |                                                                                ^~~~~~~~~~~
D:/Gryce-Engine/core/render/renderer2d_impl.cpp:879:49: warning: use of old-style cast to 'void*' [-Wold-style-cast]
  879 |               x, y, w, h, (void*)albedo, (void*)normal_map, tint.r, tint.g, tint.b);
      |                                                 ^~~~~~~~~~
D:/Gryce-Engine/core/utils/glog/glog_lib.h:150:80: note: in definition of macro 'GLOG_INFO'
  150 | #define GLOG_INFO(fmt, ...)  gryce_engine::utils::GLog::info(fmt __VA_OPT__(,) __VA_ARGS__)
      |                                                                                ^~~~~~~~~~~
[2/3] Linking CXX static library lib\Debug\libgryce_core.a
[3/3] Linking CXX executable bin\Debug\gt2dDemo.exe; Copying runtime DLL: D:/msys64/ucrt64/bin/glew32.dll; Copying runtime DLL: D:/msys64/ucrt64/bin/glfw3.dll
